c:\users\xjie6yiiiek\source\repos\winapilab\imagelib\debug\imagelib.pch
c:\users\xjie6yiiiek\source\repos\winapilab\imagelib\debug\vc142.pdb
c:\users\xjie6yiiiek\source\repos\winapilab\imagelib\debug\vc142.idb
c:\users\xjie6yiiiek\source\repos\winapilab\imagelib\debug\pch.obj
c:\users\xjie6yiiiek\source\repos\winapilab\imagelib\debug\pnghandler.obj
c:\users\xjie6yiiiek\source\repos\winapilab\imagelib\debug\loadimage.obj
c:\users\xjie6yiiiek\source\repos\winapilab\imagelib\debug\jpeghandler.obj
c:\users\xjie6yiiiek\source\repos\winapilab\imagelib\debug\dllmain.obj
c:\users\xjie6yiiiek\source\repos\winapilab\debug\imagelib.lib
c:\users\xjie6yiiiek\source\repos\winapilab\debug\imagelib.exp
c:\users\xjie6yiiiek\source\repos\winapilab\debug\imagelib.ipdb
c:\users\xjie6yiiiek\source\repos\winapilab\debug\imagelib.iobj
c:\users\xjie6yiiiek\source\repos\winapilab\debug\imagelib.dll
c:\users\xjie6yiiiek\source\repos\winapilab\debug\imagelib.pdb
c:\users\xjie6yiiiek\source\repos\winapilab\imagelib\debug\imagelib.tlog\cl.command.1.tlog
c:\users\xjie6yiiiek\source\repos\winapilab\imagelib\debug\imagelib.tlog\cl.read.1.tlog
c:\users\xjie6yiiiek\source\repos\winapilab\imagelib\debug\imagelib.tlog\cl.write.1.tlog
c:\users\xjie6yiiiek\source\repos\winapilab\imagelib\debug\imagelib.tlog\imagelib.write.1u.tlog
c:\users\xjie6yiiiek\source\repos\winapilab\imagelib\debug\imagelib.tlog\link.command.1.tlog
c:\users\xjie6yiiiek\source\repos\winapilab\imagelib\debug\imagelib.tlog\link.delete.1.tlog
c:\users\xjie6yiiiek\source\repos\winapilab\imagelib\debug\imagelib.tlog\link.read.1.tlog
c:\users\xjie6yiiiek\source\repos\winapilab\imagelib\debug\imagelib.tlog\link.write.1.tlog
